\BOOKMARK [0][-]{chapter.1}{\376\377\000G\000i\036\333\000i\000\040\000t\000h\000i\036\307\000u\000\040\000b\000\340\000i\000\040\000t\000o\000\341\000n}{}% 1
\BOOKMARK [0][-]{chapter.2}{\376\377\000B\036\331\000\040\000d\036\357\000\040\000l\000i\036\307\000u}{}% 2
\BOOKMARK [1][-]{section.2.1}{\376\377\000B\000r\000a\000T\000S\0002\0000\0002\0000}{chapter.2}% 3
\BOOKMARK [1][-]{section.2.2}{\376\377\000T\000i\036\301\000n\000\040\000x\036\355\000\040\000l\000\375\000\040\000d\036\357\000\040\000l\000i\036\307\000u}{chapter.2}% 4
\BOOKMARK [2][-]{subsection.2.2.1}{\376\377\000T\000i\036\301\000n\000\040\000x\036\355\000\040\000l\000\375\000\040\000d\036\357\000\040\000l\000i\036\307\000u\000\040\0002\000D\000\040\000v\000\340\000\040\000t\000\341\000c\000h\000\040\000l\000\341\000t\000\040\000c\036\257\000t}{section.2.2}% 5
\BOOKMARK [2][-]{subsection.2.2.2}{\376\377\000T\000i\036\301\000n\000\040\000x\036\355\000\040\000l\000\375\000\040\000d\036\357\000\040\000l\000i\036\307\000u\000\040\0003\000D}{section.2.2}% 6
\BOOKMARK [1][-]{section.2.3}{\376\377\000T\000h\036\321\000n\000g\000\040\000k\000\352\000\040\000v\000\340\000\040\000p\000h\000\342\000n\000\040\000t\000\355\000c\000h\000\040\000b\036\331\000\040\000d\036\357\000\040\000l\000i\036\307\000u}{chapter.2}% 7
\BOOKMARK [2][-]{subsection.2.3.1}{\376\377\000P\000h\000\342\000n\000\040\000t\000\355\000c\000h\000\040\000p\000h\000\342\000n\000\040\000b\036\321\000\040\000t\000h\036\303\000\040\000t\000\355\000c\000h\000\040\000c\036\347\000a\000\040\000c\000\341\000c\000\040\000v\000\371\000n\000g\000\040\000k\000h\036\321\000i\000\040\000u\000\040\000\050\000W\000T\000,\000\040\000T\000C\000,\000\040\000E\000T\000\051}{section.2.3}% 8
\BOOKMARK [2][-]{subsection.2.3.2}{\376\377\000S\000o\000\040\000s\000\341\000n\000h\000\040\001\021\036\267\000c\000\040\000t\000r\001\260\000n\000g\000\040\000t\000\355\000n\000\040\000h\000i\036\307\000u\000\040\000g\000i\036\357\000a\000\040\000c\000\341\000c\000\040\000m\000o\000d\000a\000l\000i\000t\000y\000\040\000M\000R\000I}{section.2.3}% 9
\BOOKMARK [1][-]{section.2.4}{\376\377\000P\000h\000\342\000n\000\040\000c\000h\000i\000a\000\040\000t\036\255\000p\000\040\000d\036\357\000\040\000l\000i\036\307\000u}{chapter.2}% 10
\BOOKMARK [0][-]{chapter.3}{\376\377\000P\000h\001\260\001\241\000n\000g\000\040\000p\000h\000\341\000p}{}% 11
\BOOKMARK [1][-]{section.3.1}{\376\377\000Q\000u\000y\000\040\000t\000r\000\354\000n\000h\000\040\000t\036\325\000n\000g\000\040\000q\000u\000a\000n}{chapter.3}% 12
\BOOKMARK [1][-]{section.3.2}{\376\377\000U\000N\000e\000t}{chapter.3}% 13
\BOOKMARK [1][-]{section.3.3}{\376\377\000U\000N\000e\000t\000+\000+}{chapter.3}% 14
\BOOKMARK [2][-]{subsection.3.3.1}{\376\377\000S\000k\000i\000p\000\040\000c\000o\000n\000n\000e\000c\000t\000i\000o\000n\000s\000\040\001\021\001\260\036\343\000c\000\040\000t\000h\000i\036\277\000t\000\040\000k\036\277\000\040\000l\036\241\000i\000\040\000t\000r\000o\000n\000g\000\040\000U\000N\000e\000t\000+\000+}{section.3.3}% 15
\BOOKMARK [2][-]{subsection.3.3.2}{\376\377\000D\000e\000e\000p\000\040\000S\000u\000p\000e\000r\000v\000i\000s\000i\000o\000n\000\040\000t\000r\000o\000n\000g\000\040\000U\000N\000e\000t\000+\000+}{section.3.3}% 16
\BOOKMARK [1][-]{section.3.4}{\376\377\000V\000-\000N\000e\000t}{chapter.3}% 17
\BOOKMARK [2][-]{subsection.3.4.1}{\376\377\000U\000N\000E\000T\000R}{section.3.4}% 18
\BOOKMARK [1][-]{section.3.5}{\376\377\000S\000w\000i\000n\000\040\000U\000N\000e\000t\0003\000D}{chapter.3}% 19
\BOOKMARK [2][-]{subsection.3.5.1}{\376\377\000T\036\325\000n\000g\000\040\000q\000u\000a\000n\000\040\000k\000i\036\277\000n\000\040\000t\000r\000\372\000c}{section.3.5}% 20
\BOOKMARK [2][-]{subsection.3.5.2}{\376\377\000B\000i\036\303\000u\000\040\000d\000i\036\305\000n\000\040\001\021\036\247\000u\000\040\000v\000\340\000o\000\040\000t\000h\000e\000o\000\040\000v\000o\000x\000e\000l\000\040\000p\000a\000t\000c\000h\000\040\000v\000\340\000\040\000t\000o\000k\000e\000n}{section.3.5}% 21
\BOOKMARK [2][-]{subsection.3.5.3}{\376\377\000T\000h\000i\036\277\000t\000\040\000k\036\277\000\040\000t\000h\000e\000o\000\040\000s\000t\000a\000g\000e\000:\000\040\000D\000o\000w\000n\000S\000t\000a\000g\000e\000\040\000v\000\340\000\040\000U\000p\000s\000t\000a\000g\000e}{section.3.5}% 22
\BOOKMARK [1][-]{section.3.6}{\376\377\000H\000\340\000m\000\040\000m\036\245\000t\000\040\000m\000\341\000t}{chapter.3}% 23
\BOOKMARK [2][-]{subsection.3.6.1}{\376\377\000D\000i\000c\000e\000\040\000l\000o\000s\000s\000\040\000c\000h\000o\000\040\000p\000h\000\342\000n\000\040\001\021\000o\036\241\000n\000\040\001\021\000a\000\040\000l\036\333\000p}{section.3.6}% 24
\BOOKMARK [2][-]{subsection.3.6.2}{\376\377\000H\000\340\000m\000\040\000m\036\245\000t\000\040\000m\000\341\000t\000\040\000k\036\277\000t\000\040\000h\036\343\000p\000\040\000D\000i\000c\000e\000\040\000+\000\040\000C\000r\000o\000s\000s\000-\000E\000n\000t\000r\000o\000p\000y}{section.3.6}% 25
\BOOKMARK [0][-]{chapter.4}{\376\377\000T\000h\036\361\000c\000\040\000n\000g\000h\000i\036\307\000m}{}% 26
\BOOKMARK [1][-]{section.4.1}{\376\377\000C\000\341\000c\000\040\001\021\036\331\000\040\001\021\000o\000\040\001\021\000\341\000n\000h\000\040\000g\000i\000\341}{chapter.4}% 27
\BOOKMARK [1][-]{section.4.2}{\376\377\000C\000h\000i\000\040\000t\000i\036\277\000t\000\040\000t\000r\000i\036\303\000n\000\040\000k\000h\000a\000i}{chapter.4}% 28
\BOOKMARK [2][-]{subsection.4.2.1}{\376\377\000M\000\364\000\040\000h\000\354\000n\000h\000\040\000U\000N\000e\000t}{section.4.2}% 29
\BOOKMARK [2][-]{subsection.4.2.2}{\376\377\000M\000\364\000\040\000h\000\354\000n\000h\000\040\000U\000N\000e\000t\000+\000+}{section.4.2}% 30
\BOOKMARK [2][-]{subsection.4.2.3}{\376\377\000M\000\364\000\040\000h\000\354\000n\000h\000\040\000V\000N\000e\000t}{section.4.2}% 31
\BOOKMARK [2][-]{subsection.4.2.4}{\376\377\000M\000\364\000\040\000h\000\354\000n\000h\000\040\000U\000N\000E\000T\000R}{section.4.2}% 32
\BOOKMARK [2][-]{subsection.4.2.5}{\376\377\000M\000\364\000\040\000h\000\354\000n\000h\000\040\000S\000w\000i\000n\000\040\000U\000N\000e\000t\0003\000D}{section.4.2}% 33
\BOOKMARK [0][-]{chapter.5}{\376\377\000K\036\277\000t\000\040\000q\000u\036\243\000\040\000v\000\340\000\040\000t\000h\036\243\000o\000\040\000l\000u\036\255\000n}{}% 34
\BOOKMARK [1][-]{section.5.1}{\376\377\000K\036\277\000t\000\040\000q\000u\036\243}{chapter.5}% 35
\BOOKMARK [1][-]{section.5.2}{\376\377\000S\000o\000\040\000s\000\341\000n\000h\000\040\000c\000\341\000c\000\040\000p\000h\001\260\001\241\000n\000g\000\040\000p\000h\000\341\000p}{chapter.5}% 36
